<?xml version="1.0" encoding="UTF-8"?>
<testsuites name="jest tests" tests="10" failures="0" errors="0" time="4.555">
  <testsuite name="RegistrarGasolineraUseCase" errors="0" failures="0" skipped="0" timestamp="2025-05-06T07:02:27" time="1.999" tests="3">
    <testcase classname="RegistrarGasolineraUseCase debería registrar una gasolinera correctamente" name="RegistrarGasolineraUseCase debería registrar una gasolinera correctamente" time="0.024">
    </testcase>
    <testcase classname="RegistrarGasolineraUseCase debería rechazar una gasolinera con datos incompletos" name="RegistrarGasolineraUseCase debería rechazar una gasolinera con datos incompletos" time="0.018">
    </testcase>
    <testcase classname="RegistrarGasolineraUseCase debería verificar si el usuario ya tiene una gasolinera registrada" name="RegistrarGasolineraUseCase debería verificar si el usuario ya tiene una gasolinera registrada" time="0.003">
    </testcase>
  </testsuite>
  <testsuite name="RegistrarNivelCombustibleUseCase" errors="0" failures="0" skipped="0" timestamp="2025-05-06T07:02:27" time="2.109" tests="6">
    <testcase classname="RegistrarNivelCombustibleUseCase debería registrar un nivel de combustible correctamente" name="RegistrarNivelCombustibleUseCase debería registrar un nivel de combustible correctamente" time="0.032">
    </testcase>
    <testcase classname="RegistrarNivelCombustibleUseCase debería rechazar un nivel de combustible con porcentaje mayor a 100" name="RegistrarNivelCombustibleUseCase debería rechazar un nivel de combustible con porcentaje mayor a 100" time="0.037">
    </testcase>
    <testcase classname="RegistrarNivelCombustibleUseCase debería rechazar un nivel de combustible con porcentaje negativo" name="RegistrarNivelCombustibleUseCase debería rechazar un nivel de combustible con porcentaje negativo" time="0.002">
    </testcase>
    <testcase classname="RegistrarNivelCombustibleUseCase debería rechazar un nivel de combustible para un surtidor inexistente" name="RegistrarNivelCombustibleUseCase debería rechazar un nivel de combustible para un surtidor inexistente" time="0.001">
    </testcase>
    <testcase classname="RegistrarNivelCombustibleUseCase debería obtener el historial de niveles de combustible para un surtidor" name="RegistrarNivelCombustibleUseCase debería obtener el historial de niveles de combustible para un surtidor" time="0.002">
    </testcase>
    <testcase classname="RegistrarNivelCombustibleUseCase debería obtener el último nivel registrado para un surtidor" name="RegistrarNivelCombustibleUseCase debería obtener el último nivel registrado para un surtidor" time="0.002">
    </testcase>
  </testsuite>
  <testsuite name="HU-03/Sprint-01 Visualizar Disponibilidad de Gasolineras" errors="0" failures="0" skipped="0" timestamp="2025-05-06T07:02:27" time="2.263" tests="1">
    <testcase classname="HU-03/Sprint-01 Visualizar Disponibilidad de Gasolineras should initialize with an empty list of gas stations" name="HU-03/Sprint-01 Visualizar Disponibilidad de Gasolineras should initialize with an empty list of gas stations" time="0.014">
    </testcase>
  </testsuite>
</testsuites>